d:\facultate\egc\tema1 - geometry dash\tema1\debug\background.obj
d:\facultate\egc\tema1 - geometry dash\tema1\debug\drawingwindow.obj
d:\facultate\egc\tema1 - geometry dash\tema1\debug\transform2d.obj
d:\facultate\egc\tema1 - geometry dash\tema1\debug\visual2d.obj
d:\facultate\egc\tema1 - geometry dash\tema1\debug\icon.obj
d:\facultate\egc\tema1 - geometry dash\tema1\debug\main.obj
d:\facultate\egc\tema1 - geometry dash\tema1\debug\vc100.pdb
d:\facultate\egc\tema1 - geometry dash\tema1\debug\scene.obj
d:\facultate\egc\tema1 - geometry dash\tema1\debug\character.obj
d:\facultate\egc\tema1 - geometry dash\debug\tema1.ilk
d:\facultate\egc\tema1 - geometry dash\debug\tema1.exe
d:\facultate\egc\tema1 - geometry dash\tema1\debug\tema1.exe.intermediate.manifest
d:\facultate\egc\tema1 - geometry dash\debug\tema1.pdb
d:\facultate\egc\tema1 - geometry dash\tema1\debug\cl.command.1.tlog
d:\facultate\egc\tema1 - geometry dash\tema1\debug\cl.read.1.tlog
d:\facultate\egc\tema1 - geometry dash\tema1\debug\cl.write.1.tlog
d:\facultate\egc\tema1 - geometry dash\tema1\debug\link.command.1.tlog
d:\facultate\egc\tema1 - geometry dash\tema1\debug\link.read.1.tlog
d:\facultate\egc\tema1 - geometry dash\tema1\debug\link.write.1.tlog
d:\facultate\egc\tema1 - geometry dash\tema1\debug\mt.command.1.tlog
d:\facultate\egc\tema1 - geometry dash\tema1\debug\mt.read.1.tlog
d:\facultate\egc\tema1 - geometry dash\tema1\debug\mt.write.1.tlog
d:\facultate\egc\tema1 - geometry dash\tema1\debug\vc100.idb
